{
"contracts\\HelloWeb3.sol":{"l":{"31":2,"32":2,"33":2,"34":2,"39":13,"40":11,"42":10,"43":10,"44":10,"54":4,"63":8,"64":6,"65":6,"70":5},"path":"C:\\Users\\Administrator\\Desktop\\web3-contract-project\\contracts\\HelloWeb3.sol","s":{"1":2,"2":2,"3":13,"4":11,"5":10,"6":10,"7":4,"8":8,"9":6,"10":6,"11":5},"b":{"1":[11,2],"2":[10,1],"3":[6,2]},"f":{"1":2,"2":13,"3":4,"4":8,"5":5},"fnMap":{"1":{"name":"constructor","line":30,"loc":{"start":{"line":30,"column":4},"end":{"line":35,"column":4}}},"2":{"name":"setMessage","line":38,"loc":{"start":{"line":38,"column":4},"end":{"line":50,"column":4}}},"3":{"name":"getMessage","line":53,"loc":{"start":{"line":53,"column":4},"end":{"line":55,"column":4}}},"4":{"name":"getEntry","line":58,"loc":{"start":{"line":58,"column":4},"end":{"line":66,"column":4}}},"5":{"name":"historyLength","line":69,"loc":{"start":{"line":69,"column":4},"end":{"line":71,"column":4}}}},"statementMap":{"1":{"start":{"line":33,"column":8},"end":{"line":33,"column":72}},"2":{"start":{"line":34,"column":8},"end":{"line":34,"column":75}},"3":{"start":{"line":39,"column":8},"end":{"line":39,"column":71}},"4":{"start":{"line":40,"column":8},"end":{"line":40,"column":77}},"5":{"start":{"line":42,"column":8},"end":{"line":42,"column":68}},"6":{"start":{"line":44,"column":8},"end":{"line":44,"column":1345}},"7":{"start":{"line":54,"column":8},"end":{"line":54,"column":52}},"8":{"start":{"line":63,"column":8},"end":{"line":63,"column":61}},"9":{"start":{"line":64,"column":8},"end":{"line":64,"column":40}},"10":{"start":{"line":65,"column":8},"end":{"line":65,"column":49}},"11":{"start":{"line":70,"column":8},"end":{"line":70,"column":30}}},"branchMap":{"1":{"line":39,"type":"if","locations":[{"start":{"line":39,"column":8},"end":{"line":39,"column":8}},{"start":{"line":39,"column":8},"end":{"line":39,"column":8}}]},"2":{"line":40,"type":"if","locations":[{"start":{"line":40,"column":8},"end":{"line":40,"column":8}},{"start":{"line":40,"column":8},"end":{"line":40,"column":8}}]},"3":{"line":63,"type":"if","locations":[{"start":{"line":63,"column":8},"end":{"line":63,"column":8}},{"start":{"line":63,"column":8},"end":{"line":63,"column":8}}]}}},
"contracts\\MarketTimelock.sol":{"l":{},"path":"C:\\Users\\Administrator\\Desktop\\web3-contract-project\\contracts\\MarketTimelock.sol","s":{},"b":{},"f":{"1":7},"fnMap":{"1":{"name":"constructor","line":44,"loc":{"start":{"line":39,"column":4},"end":{"line":44,"column":65}}}},"statementMap":{},"branchMap":{}},
"contracts\\mocks\\MaliciousActors.sol":{"l":{"47":1,"48":1,"49":1,"50":1,"51":1,"67":1,"69":1,"70":0,"74":1,"97":2,"102":2,"103":2,"113":2,"118":2,"119":1,"170":1,"171":1,"172":1,"173":1,"183":1,"184":1,"189":1,"194":0,"219":1,"220":1,"225":0,"265":1,"268":1,"269":0,"271":1,"273":1,"278":1,"279":1,"280":1,"281":1,"282":1,"314":1,"319":1,"322":1,"323":0,"325":1,"354":1,"359":1,"365":1,"370":1,"373":1,"374":0,"376":1,"405":1,"406":1,"430":1,"435":1,"436":1,"440":0,"470":1,"475":1,"480":1,"481":1,"484":1,"485":0,"487":1,"527":3,"532":7,"533":7,"534":7,"535":7,"536":7,"541":2,"546":4,"553":1,"554":1,"559":8,"560":8,"561":4,"562":0,"564":4,"567":4,"568":0,"570":4,"577":10,"578":6,"580":4,"581":4,"585":4,"624":1,"625":1,"626":1,"627":1,"635":1,"643":1,"644":0,"646":1,"651":1,"659":1,"660":0,"662":1,"664":1,"703":2,"704":2,"713":2,"714":2,"715":2,"716":2,"717":2,"724":2,"726":2,"727":1,"734":1,"737":1,"738":0,"740":1,"744":2,"749":2},"path":"C:\\Users\\Administrator\\Desktop\\web3-contract-project\\contracts\\mocks\\MaliciousActors.sol","s":{"1":1,"2":1,"3":1,"4":2,"5":2,"6":2,"7":1,"8":1,"9":0,"10":0,"11":1,"12":1,"13":1,"14":1,"15":1,"16":1,"17":1,"18":1,"19":0,"20":1,"21":7,"22":2,"23":4,"24":1,"25":8,"26":8,"27":4,"28":4,"29":1,"30":1,"31":1,"32":1,"33":1,"34":1,"35":2,"36":2,"37":1,"38":1,"39":1,"40":2},"b":{"1":[1,1],"2":[0,1],"3":[0,1],"4":[0,1],"5":[0,1],"6":[4,4],"7":[0,4],"8":[0,4],"9":[6,4],"10":[4,0],"11":[0,1],"12":[0,1],"13":[1,1],"14":[0,1],"15":[1,1]},"f":{"1":1,"2":1,"3":2,"4":2,"5":2,"6":1,"7":1,"8":0,"9":0,"10":1,"11":1,"12":1,"13":1,"14":1,"15":1,"16":2,"17":1,"18":1,"19":0,"20":1,"21":1,"22":3,"23":7,"24":2,"25":4,"26":1,"27":8,"28":1,"29":1,"30":2,"31":2,"32":2},"fnMap":{"1":{"name":"attack","line":46,"loc":{"start":{"line":46,"column":4},"end":{"line":52,"column":4}}},"2":{"name":"onERC721Received","line":61,"loc":{"start":{"line":61,"column":4},"end":{"line":75,"column":4}}},"3":{"name":"constructor","line":96,"loc":{"start":{"line":96,"column":4},"end":{"line":98,"column":4}}},"4":{"name":"listOnMarket","line":101,"loc":{"start":{"line":101,"column":4},"end":{"line":104,"column":4}}},"5":{"name":"onERC721Received","line":107,"loc":{"start":{"line":107,"column":4},"end":{"line":114,"column":4}}},"6":{"name":"attack","line":169,"loc":{"start":{"line":169,"column":4},"end":{"line":174,"column":4}}},"7":{"name":"onERC721Received","line":177,"loc":{"start":{"line":177,"column":4},"end":{"line":185,"column":4}}},"8":{"name":null,"line":193,"loc":{"start":{"line":193,"column":4},"end":{"line":195,"column":4}}},"9":{"name":null,"line":224,"loc":{"start":{"line":224,"column":4},"end":{"line":226,"column":4}}},"10":{"name":"onERC721Received","line":258,"loc":{"start":{"line":258,"column":4},"end":{"line":274,"column":4}}},"11":{"name":"attack","line":277,"loc":{"start":{"line":277,"column":4},"end":{"line":283,"column":4}}},"12":{"name":"constructor","line":313,"loc":{"start":{"line":313,"column":4},"end":{"line":315,"column":4}}},"13":{"name":"constructor","line":353,"loc":{"start":{"line":353,"column":4},"end":{"line":355,"column":4}}},"14":{"name":"acceptOwnership","line":358,"loc":{"start":{"line":358,"column":4},"end":{"line":360,"column":4}}},"15":{"name":"drain","line":364,"loc":{"start":{"line":364,"column":4},"end":{"line":366,"column":4}}},"16":{"name":"constructor","line":401,"loc":{"start":{"line":401,"column":4},"end":{"line":401,"column":46}}},"17":{"name":"mint","line":404,"loc":{"start":{"line":404,"column":4},"end":{"line":407,"column":4}}},"18":{"name":"withdraw","line":429,"loc":{"start":{"line":429,"column":4},"end":{"line":431,"column":4}}},"19":{"name":null,"line":439,"loc":{"start":{"line":439,"column":4},"end":{"line":441,"column":4}}},"20":{"name":"constructor","line":469,"loc":{"start":{"line":469,"column":4},"end":{"line":471,"column":4}}},"21":{"name":"withdraw","line":474,"loc":{"start":{"line":474,"column":4},"end":{"line":476,"column":4}}},"22":{"name":"setRejectEth","line":526,"loc":{"start":{"line":526,"column":4},"end":{"line":528,"column":4}}},"23":{"name":"makeOffer","line":531,"loc":{"start":{"line":531,"column":4},"end":{"line":537,"column":4}}},"24":{"name":"withdrawOffer","line":540,"loc":{"start":{"line":540,"column":4},"end":{"line":542,"column":4}}},"25":{"name":"claimPending","line":545,"loc":{"start":{"line":545,"column":4},"end":{"line":547,"column":4}}},"26":{"name":"onERC721Received","line":549,"loc":{"start":{"line":549,"column":4},"end":{"line":555,"column":4}}},"27":{"name":"_probe","line":558,"loc":{"start":{"line":558,"column":4},"end":{"line":573,"column":4}}},"28":{"name":"makeOffer","line":623,"loc":{"start":{"line":623,"column":4},"end":{"line":628,"column":4}}},"29":{"name":"onERC721Received","line":631,"loc":{"start":{"line":631,"column":4},"end":{"line":665,"column":4}}},"30":{"name":"constructor","line":702,"loc":{"start":{"line":702,"column":4},"end":{"line":705,"column":4}}},"31":{"name":"attack","line":707,"loc":{"start":{"line":707,"column":4},"end":{"line":718,"column":4}}},"32":{"name":"onERC721Received","line":720,"loc":{"start":{"line":720,"column":4},"end":{"line":745,"column":4}}}},"statementMap":{"1":{"start":{"line":51,"column":8},"end":{"line":51,"column":51}},"2":{"start":{"line":69,"column":8},"end":{"line":69,"column":1897}},"3":{"start":{"line":74,"column":8},"end":{"line":74,"column":56}},"4":{"start":{"line":102,"column":8},"end":{"line":102,"column":53}},"5":{"start":{"line":103,"column":8},"end":{"line":103,"column":63}},"6":{"start":{"line":113,"column":8},"end":{"line":113,"column":56}},"7":{"start":{"line":173,"column":8},"end":{"line":173,"column":54}},"8":{"start":{"line":184,"column":8},"end":{"line":184,"column":56}},"9":{"start":{"line":194,"column":8},"end":{"line":194,"column":51}},"10":{"start":{"line":225,"column":8},"end":{"line":225,"column":51}},"11":{"start":{"line":265,"column":8},"end":{"line":265,"column":7318}},"12":{"start":{"line":268,"column":8},"end":{"line":268,"column":7477}},"13":{"start":{"line":273,"column":8},"end":{"line":273,"column":56}},"14":{"start":{"line":282,"column":8},"end":{"line":282,"column":54}},"15":{"start":{"line":359,"column":8},"end":{"line":359,"column":31}},"16":{"start":{"line":365,"column":8},"end":{"line":365,"column":30}},"17":{"start":{"line":406,"column":8},"end":{"line":406,"column":29}},"18":{"start":{"line":430,"column":8},"end":{"line":430,"column":51}},"19":{"start":{"line":440,"column":8},"end":{"line":440,"column":55}},"20":{"start":{"line":475,"column":8},"end":{"line":475,"column":33}},"21":{"start":{"line":536,"column":8},"end":{"line":536,"column":60}},"22":{"start":{"line":541,"column":8},"end":{"line":541,"column":41}},"23":{"start":{"line":546,"column":8},"end":{"line":546,"column":36}},"24":{"start":{"line":554,"column":8},"end":{"line":554,"column":56}},"25":{"start":{"line":559,"column":8},"end":{"line":559,"column":69}},"26":{"start":{"line":560,"column":8},"end":{"line":560,"column":15564}},"27":{"start":{"line":561,"column":12},"end":{"line":561,"column":15597}},"28":{"start":{"line":567,"column":12},"end":{"line":567,"column":15768}},"29":{"start":{"line":627,"column":8},"end":{"line":627,"column":60}},"30":{"start":{"line":635,"column":8},"end":{"line":635,"column":17837}},"31":{"start":{"line":643,"column":8},"end":{"line":643,"column":18091}},"32":{"start":{"line":651,"column":8},"end":{"line":651,"column":18351}},"33":{"start":{"line":659,"column":8},"end":{"line":659,"column":18617}},"34":{"start":{"line":664,"column":8},"end":{"line":664,"column":56}},"35":{"start":{"line":717,"column":8},"end":{"line":717,"column":76}},"36":{"start":{"line":726,"column":8},"end":{"line":726,"column":20391}},"37":{"start":{"line":727,"column":12},"end":{"line":727,"column":20423}},"38":{"start":{"line":734,"column":12},"end":{"line":734,"column":20669}},"39":{"start":{"line":737,"column":12},"end":{"line":737,"column":20803}},"40":{"start":{"line":744,"column":8},"end":{"line":744,"column":56}}},"branchMap":{"1":{"line":118,"type":"if","locations":[{"start":{"line":118,"column":8},"end":{"line":118,"column":8}},{"start":{"line":118,"column":8},"end":{"line":118,"column":8}}]},"2":{"line":268,"type":"if","locations":[{"start":{"line":268,"column":8},"end":{"line":268,"column":8}},{"start":{"line":268,"column":8},"end":{"line":268,"column":8}}]},"3":{"line":322,"type":"if","locations":[{"start":{"line":322,"column":8},"end":{"line":322,"column":8}},{"start":{"line":322,"column":8},"end":{"line":322,"column":8}}]},"4":{"line":373,"type":"if","locations":[{"start":{"line":373,"column":8},"end":{"line":373,"column":8}},{"start":{"line":373,"column":8},"end":{"line":373,"column":8}}]},"5":{"line":484,"type":"if","locations":[{"start":{"line":484,"column":8},"end":{"line":484,"column":8}},{"start":{"line":484,"column":8},"end":{"line":484,"column":8}}]},"6":{"line":560,"type":"if","locations":[{"start":{"line":560,"column":8},"end":{"line":560,"column":8}},{"start":{"line":560,"column":8},"end":{"line":560,"column":8}}]},"7":{"line":561,"type":"if","locations":[{"start":{"line":561,"column":12},"end":{"line":561,"column":12}},{"start":{"line":561,"column":12},"end":{"line":561,"column":12}}]},"8":{"line":567,"type":"if","locations":[{"start":{"line":567,"column":12},"end":{"line":567,"column":12}},{"start":{"line":567,"column":12},"end":{"line":567,"column":12}}]},"9":{"line":577,"type":"if","locations":[{"start":{"line":577,"column":8},"end":{"line":577,"column":8}},{"start":{"line":577,"column":8},"end":{"line":577,"column":8}}]},"10":{"line":580,"type":"if","locations":[{"start":{"line":580,"column":8},"end":{"line":580,"column":8}},{"start":{"line":580,"column":8},"end":{"line":580,"column":8}}]},"11":{"line":643,"type":"if","locations":[{"start":{"line":643,"column":8},"end":{"line":643,"column":8}},{"start":{"line":643,"column":8},"end":{"line":643,"column":8}}]},"12":{"line":659,"type":"if","locations":[{"start":{"line":659,"column":8},"end":{"line":659,"column":8}},{"start":{"line":659,"column":8},"end":{"line":659,"column":8}}]},"13":{"line":726,"type":"if","locations":[{"start":{"line":726,"column":8},"end":{"line":726,"column":8}},{"start":{"line":726,"column":8},"end":{"line":726,"column":8}}]},"14":{"line":737,"type":"if","locations":[{"start":{"line":737,"column":12},"end":{"line":737,"column":12}},{"start":{"line":737,"column":12},"end":{"line":737,"column":12}}]},"15":{"line":749,"type":"if","locations":[{"start":{"line":749,"column":8},"end":{"line":749,"column":8}},{"start":{"line":749,"column":8},"end":{"line":749,"column":8}}]}}},
"contracts\\MultiSigOwner.sol":{"l":{"199":121,"200":118,"208":12,"209":9,"213":105,"214":104,"218":104,"219":102,"223":51,"224":50,"243":17,"244":16,"246":15,"248":14,"249":38,"250":38,"251":37,"252":36,"253":36,"254":36,"257":12,"258":12,"266":3,"291":60,"293":59,"294":59,"304":59,"307":59,"315":50,"323":5,"325":4,"326":4,"328":4,"349":46,"351":46,"352":5,"358":41,"359":41,"361":41,"364":41,"369":109,"370":109,"371":109,"383":1,"384":1,"386":1,"387":1,"388":1,"396":4,"398":3,"400":2,"404":2,"405":2,"406":2,"407":6,"408":2,"409":2,"413":2,"415":2,"416":2,"418":2,"421":2,"422":1,"423":1,"424":1,"433":4,"434":3,"436":2,"437":2,"446":4,"451":20,"460":10,"461":10},"path":"C:\\Users\\Administrator\\Desktop\\web3-contract-project\\contracts\\MultiSigOwner.sol","s":{"1":121,"2":12,"3":105,"4":104,"5":51,"6":17,"7":16,"8":15,"9":14,"10":38,"11":38,"12":37,"13":36,"14":36,"15":12,"16":60,"17":59,"18":59,"19":59,"20":50,"21":5,"22":4,"23":46,"24":46,"25":41,"26":41,"27":109,"28":1,"29":1,"30":1,"31":1,"32":4,"33":3,"34":2,"35":2,"36":2,"37":6,"38":2,"39":2,"40":2,"41":2,"42":1,"43":1,"44":4,"45":3,"46":2,"47":4,"48":20,"49":10,"50":10},"b":{"1":[3,118],"2":[3,9],"3":[1,104],"4":[2,102],"5":[1,50],"6":[1,16],"7":[1,15],"8":[1,14],"9":[1,37],"10":[1,36],"11":[60,2],"12":[1,59],"13":[53,1],"14":[52,1],"15":[51,1],"16":[50,1],"17":[5,0],"18":[5,0],"19":[5,0],"20":[1,4],"21":[47,0],"22":[46,1],"23":[5,41],"24":[6,35],"25":[1,1],"26":[0,1],"27":[0,1],"28":[4,1],"29":[1,3],"30":[1,2],"31":[2,4],"32":[0,2],"33":[1,1],"34":[4,1],"35":[1,3],"36":[1,2]},"f":{"1":121,"2":12,"3":105,"4":104,"5":51,"6":17,"7":60,"8":50,"9":5,"10":46,"11":109,"12":1,"13":4,"14":4,"15":4,"16":20,"17":10},"fnMap":{"1":{"name":"onlyOwner","line":198,"loc":{"start":{"line":198,"column":4},"end":{"line":201,"column":4}}},"2":{"name":"onlySelf","line":207,"loc":{"start":{"line":207,"column":4},"end":{"line":210,"column":4}}},"3":{"name":"txExists","line":212,"loc":{"start":{"line":212,"column":4},"end":{"line":215,"column":4}}},"4":{"name":"notExecuted","line":217,"loc":{"start":{"line":217,"column":4},"end":{"line":220,"column":4}}},"5":{"name":"notConfirmed","line":222,"loc":{"start":{"line":222,"column":4},"end":{"line":225,"column":4}}},"6":{"name":"constructor","line":242,"loc":{"start":{"line":242,"column":4},"end":{"line":259,"column":4}}},"7":{"name":"submit","line":288,"loc":{"start":{"line":286,"column":4},"end":{"line":308,"column":4}}},"8":{"name":"confirm","line":314,"loc":{"start":{"line":314,"column":4},"end":{"line":316,"column":4}}},"9":{"name":"revoke","line":322,"loc":{"start":{"line":322,"column":4},"end":{"line":329,"column":4}}},"10":{"name":"execute","line":346,"loc":{"start":{"line":343,"column":4},"end":{"line":365,"column":4}}},"11":{"name":"_confirm","line":368,"loc":{"start":{"line":368,"column":4},"end":{"line":372,"column":4}}},"12":{"name":"addOwner","line":382,"loc":{"start":{"line":382,"column":4},"end":{"line":389,"column":4}}},"13":{"name":"removeOwner","line":395,"loc":{"start":{"line":395,"column":4},"end":{"line":426,"column":4}}},"14":{"name":"changeThreshold","line":432,"loc":{"start":{"line":432,"column":4},"end":{"line":438,"column":4}}},"15":{"name":"getOwners","line":445,"loc":{"start":{"line":445,"column":4},"end":{"line":447,"column":4}}},"16":{"name":"getTransactionCount","line":450,"loc":{"start":{"line":450,"column":4},"end":{"line":452,"column":4}}},"17":{"name":"getTransaction","line":455,"loc":{"start":{"line":455,"column":4},"end":{"line":468,"column":4}}}},"statementMap":{"1":{"start":{"line":199,"column":8},"end":{"line":199,"column":53}},"2":{"start":{"line":208,"column":8},"end":{"line":208,"column":58}},"3":{"start":{"line":213,"column":8},"end":{"line":213,"column":69}},"4":{"start":{"line":218,"column":8},"end":{"line":218,"column":70}},"5":{"start":{"line":223,"column":8},"end":{"line":223,"column":86}},"6":{"start":{"line":243,"column":8},"end":{"line":243,"column":53}},"7":{"start":{"line":244,"column":8},"end":{"line":244,"column":59}},"8":{"start":{"line":246,"column":8},"end":{"line":246,"column":92}},"9":{"start":{"line":248,"column":8},"end":{"line":248,"column":8603}},"10":{"start":{"line":249,"column":12},"end":{"line":249,"column":38}},"11":{"start":{"line":250,"column":12},"end":{"line":250,"column":57}},"12":{"start":{"line":251,"column":12},"end":{"line":251,"column":60}},"13":{"start":{"line":253,"column":12},"end":{"line":253,"column":30}},"14":{"start":{"line":254,"column":12},"end":{"line":254,"column":34}},"15":{"start":{"line":258,"column":8},"end":{"line":258,"column":44}},"16":{"start":{"line":291,"column":8},"end":{"line":291,"column":50}},"17":{"start":{"line":294,"column":8},"end":{"line":294,"column":10071}},"18":{"start":{"line":304,"column":8},"end":{"line":304,"column":57}},"19":{"start":{"line":307,"column":8},"end":{"line":307,"column":21}},"20":{"start":{"line":315,"column":8},"end":{"line":315,"column":21}},"21":{"start":{"line":323,"column":8},"end":{"line":323,"column":86}},"22":{"start":{"line":328,"column":8},"end":{"line":328,"column":73}},"23":{"start":{"line":349,"column":8},"end":{"line":349,"column":61}},"24":{"start":{"line":351,"column":8},"end":{"line":351,"column":11645}},"25":{"start":{"line":359,"column":8},"end":{"line":359,"column":68}},"26":{"start":{"line":364,"column":8},"end":{"line":364,"column":50}},"27":{"start":{"line":371,"column":8},"end":{"line":371,"column":75}},"28":{"start":{"line":383,"column":8},"end":{"line":383,"column":56}},"29":{"start":{"line":384,"column":8},"end":{"line":384,"column":54}},"30":{"start":{"line":387,"column":8},"end":{"line":387,"column":29}},"31":{"start":{"line":388,"column":8},"end":{"line":388,"column":33}},"32":{"start":{"line":396,"column":8},"end":{"line":396,"column":51}},"33":{"start":{"line":398,"column":8},"end":{"line":398,"column":63}},"34":{"start":{"line":404,"column":8},"end":{"line":404,"column":41}},"35":{"start":{"line":405,"column":8},"end":{"line":405,"column":38}},"36":{"start":{"line":406,"column":8},"end":{"line":406,"column":13638}},"37":{"start":{"line":407,"column":12},"end":{"line":407,"column":13692}},"38":{"start":{"line":413,"column":8},"end":{"line":413,"column":59}},"39":{"start":{"line":416,"column":8},"end":{"line":416,"column":20}},"40":{"start":{"line":418,"column":8},"end":{"line":418,"column":32}},"41":{"start":{"line":421,"column":8},"end":{"line":421,"column":14048}},"42":{"start":{"line":422,"column":12},"end":{"line":422,"column":35}},"43":{"start":{"line":424,"column":12},"end":{"line":424,"column":49}},"44":{"start":{"line":433,"column":8},"end":{"line":433,"column":61}},"45":{"start":{"line":434,"column":8},"end":{"line":434,"column":96}},"46":{"start":{"line":436,"column":8},"end":{"line":436,"column":54}},"47":{"start":{"line":446,"column":8},"end":{"line":446,"column":22}},"48":{"start":{"line":451,"column":8},"end":{"line":451,"column":35}},"49":{"start":{"line":460,"column":8},"end":{"line":460,"column":61}},"50":{"start":{"line":461,"column":8},"end":{"line":461,"column":15432}}},"branchMap":{"1":{"line":199,"type":"if","locations":[{"start":{"line":199,"column":8},"end":{"line":199,"column":8}},{"start":{"line":199,"column":8},"end":{"line":199,"column":8}}]},"2":{"line":208,"type":"if","locations":[{"start":{"line":208,"column":8},"end":{"line":208,"column":8}},{"start":{"line":208,"column":8},"end":{"line":208,"column":8}}]},"3":{"line":213,"type":"if","locations":[{"start":{"line":213,"column":8},"end":{"line":213,"column":8}},{"start":{"line":213,"column":8},"end":{"line":213,"column":8}}]},"4":{"line":218,"type":"if","locations":[{"start":{"line":218,"column":8},"end":{"line":218,"column":8}},{"start":{"line":218,"column":8},"end":{"line":218,"column":8}}]},"5":{"line":223,"type":"if","locations":[{"start":{"line":223,"column":8},"end":{"line":223,"column":8}},{"start":{"line":223,"column":8},"end":{"line":223,"column":8}}]},"6":{"line":243,"type":"if","locations":[{"start":{"line":243,"column":8},"end":{"line":243,"column":8}},{"start":{"line":243,"column":8},"end":{"line":243,"column":8}}]},"7":{"line":244,"type":"if","locations":[{"start":{"line":244,"column":8},"end":{"line":244,"column":8}},{"start":{"line":244,"column":8},"end":{"line":244,"column":8}}]},"8":{"line":246,"type":"if","locations":[{"start":{"line":246,"column":8},"end":{"line":246,"column":8}},{"start":{"line":246,"column":8},"end":{"line":246,"column":8}}]},"9":{"line":250,"type":"if","locations":[{"start":{"line":250,"column":12},"end":{"line":250,"column":12}},{"start":{"line":250,"column":12},"end":{"line":250,"column":12}}]},"10":{"line":251,"type":"if","locations":[{"start":{"line":251,"column":12},"end":{"line":251,"column":12}},{"start":{"line":251,"column":12},"end":{"line":251,"column":12}}]},"11":{"line":288,"type":"if","locations":[{"start":{"line":288,"column":8},"end":{"line":288,"column":8}},{"start":{"line":288,"column":8},"end":{"line":288,"column":8}}]},"12":{"line":291,"type":"if","locations":[{"start":{"line":291,"column":8},"end":{"line":291,"column":8}},{"start":{"line":291,"column":8},"end":{"line":291,"column":8}}]},"13":{"line":314,"type":"if","locations":[{"start":{"line":314,"column":44},"end":{"line":314,"column":44}},{"start":{"line":314,"column":44},"end":{"line":314,"column":44}}]},"14":{"line":314,"type":"if","locations":[{"start":{"line":314,"column":54},"end":{"line":314,"column":54}},{"start":{"line":314,"column":54},"end":{"line":314,"column":54}}]},"15":{"line":314,"type":"if","locations":[{"start":{"line":314,"column":69},"end":{"line":314,"column":69}},{"start":{"line":314,"column":69},"end":{"line":314,"column":69}}]},"16":{"line":314,"type":"if","locations":[{"start":{"line":314,"column":87},"end":{"line":314,"column":87}},{"start":{"line":314,"column":87},"end":{"line":314,"column":87}}]},"17":{"line":322,"type":"if","locations":[{"start":{"line":322,"column":43},"end":{"line":322,"column":43}},{"start":{"line":322,"column":43},"end":{"line":322,"column":43}}]},"18":{"line":322,"type":"if","locations":[{"start":{"line":322,"column":53},"end":{"line":322,"column":53}},{"start":{"line":322,"column":53},"end":{"line":322,"column":53}}]},"19":{"line":322,"type":"if","locations":[{"start":{"line":322,"column":68},"end":{"line":322,"column":68}},{"start":{"line":322,"column":68},"end":{"line":322,"column":68}}]},"20":{"line":323,"type":"if","locations":[{"start":{"line":323,"column":8},"end":{"line":323,"column":8}},{"start":{"line":323,"column":8},"end":{"line":323,"column":8}}]},"21":{"line":345,"type":"if","locations":[{"start":{"line":345,"column":8},"end":{"line":345,"column":8}},{"start":{"line":345,"column":8},"end":{"line":345,"column":8}}]},"22":{"line":346,"type":"if","locations":[{"start":{"line":346,"column":8},"end":{"line":346,"column":8}},{"start":{"line":346,"column":8},"end":{"line":346,"column":8}}]},"23":{"line":351,"type":"if","locations":[{"start":{"line":351,"column":8},"end":{"line":351,"column":8}},{"start":{"line":351,"column":8},"end":{"line":351,"column":8}}]},"24":{"line":364,"type":"if","locations":[{"start":{"line":364,"column":8},"end":{"line":364,"column":8}},{"start":{"line":364,"column":8},"end":{"line":364,"column":8}}]},"25":{"line":382,"type":"if","locations":[{"start":{"line":382,"column":49},"end":{"line":382,"column":49}},{"start":{"line":382,"column":49},"end":{"line":382,"column":49}}]},"26":{"line":383,"type":"if","locations":[{"start":{"line":383,"column":8},"end":{"line":383,"column":8}},{"start":{"line":383,"column":8},"end":{"line":383,"column":8}}]},"27":{"line":384,"type":"if","locations":[{"start":{"line":384,"column":8},"end":{"line":384,"column":8}},{"start":{"line":384,"column":8},"end":{"line":384,"column":8}}]},"28":{"line":395,"type":"if","locations":[{"start":{"line":395,"column":49},"end":{"line":395,"column":49}},{"start":{"line":395,"column":49},"end":{"line":395,"column":49}}]},"29":{"line":396,"type":"if","locations":[{"start":{"line":396,"column":8},"end":{"line":396,"column":8}},{"start":{"line":396,"column":8},"end":{"line":396,"column":8}}]},"30":{"line":398,"type":"if","locations":[{"start":{"line":398,"column":8},"end":{"line":398,"column":8}},{"start":{"line":398,"column":8},"end":{"line":398,"column":8}}]},"31":{"line":407,"type":"if","locations":[{"start":{"line":407,"column":12},"end":{"line":407,"column":12}},{"start":{"line":407,"column":12},"end":{"line":407,"column":12}}]},"32":{"line":413,"type":"if","locations":[{"start":{"line":413,"column":8},"end":{"line":413,"column":8}},{"start":{"line":413,"column":8},"end":{"line":413,"column":8}}]},"33":{"line":421,"type":"if","locations":[{"start":{"line":421,"column":8},"end":{"line":421,"column":8}},{"start":{"line":421,"column":8},"end":{"line":421,"column":8}}]},"34":{"line":432,"type":"if","locations":[{"start":{"line":432,"column":60},"end":{"line":432,"column":60}},{"start":{"line":432,"column":60},"end":{"line":432,"column":60}}]},"35":{"line":433,"type":"if","locations":[{"start":{"line":433,"column":8},"end":{"line":433,"column":8}},{"start":{"line":433,"column":8},"end":{"line":433,"column":8}}]},"36":{"line":434,"type":"if","locations":[{"start":{"line":434,"column":8},"end":{"line":434,"column":8}},{"start":{"line":434,"column":8},"end":{"line":434,"column":8}}]}}},
"contracts\\MyNFT.sol":{"l":{"172":11,"173":10,"174":10,"175":10,"179":10,"180":7,"197":58,"207":2,"208":1,"210":1,"221":4,"223":3,"224":3,"225":2,"230":59,"231":58,"232":1,"235":57,"236":57,"241":57,"243":57,"244":56,"293":6,"294":5,"295":1,"297":4,"310":5,"315":3,"320":3,"321":3,"349":6,"350":4,"364":5,"365":4,"370":1,"371":1,"376":1,"385":2,"476":62,"488":2,"524":129,"552":0},"path":"C:\\Users\\Administrator\\Desktop\\web3-contract-project\\contracts\\MyNFT.sol","s":{"1":11,"2":10,"3":7,"4":58,"5":2,"6":1,"7":4,"8":3,"9":2,"10":59,"11":58,"12":57,"13":56,"14":6,"15":5,"16":4,"17":5,"18":3,"19":3,"20":6,"21":4,"22":5,"23":4,"24":1,"25":1,"26":1,"27":2,"28":62,"29":2,"30":129,"31":0},"b":{"1":[10,1],"2":[7,3],"3":[59,1],"4":[58,1],"5":[2,1],"6":[1,1],"7":[5,1],"8":[4,1],"9":[1,3],"10":[1,58],"11":[1,57],"12":[1,4],"13":[5,1],"14":[3,1],"15":[3,1],"16":[6,1],"17":[5,1],"18":[1,1]},"f":{"1":11,"2":58,"3":2,"4":4,"5":59,"6":6,"7":5,"8":3,"9":3,"10":6,"11":5,"12":1,"13":1,"14":2,"15":62,"16":2,"17":129,"18":0},"fnMap":{"1":{"name":"constructor","line":171,"loc":{"start":{"line":166,"column":4},"end":{"line":182,"column":4}}},"2":{"name":"safeMint","line":196,"loc":{"start":{"line":196,"column":4},"end":{"line":198,"column":4}}},"3":{"name":"publicMint","line":206,"loc":{"start":{"line":206,"column":4},"end":{"line":211,"column":4}}},"4":{"name":"adminMintWithTokenId","line":220,"loc":{"start":{"line":220,"column":4},"end":{"line":226,"column":4}}},"5":{"name":"_mintInternal","line":229,"loc":{"start":{"line":229,"column":4},"end":{"line":245,"column":4}}},"6":{"name":"burn","line":291,"loc":{"start":{"line":291,"column":4},"end":{"line":298,"column":4}}},"7":{"name":"pause","line":309,"loc":{"start":{"line":309,"column":4},"end":{"line":311,"column":4}}},"8":{"name":"unpause","line":314,"loc":{"start":{"line":314,"column":4},"end":{"line":316,"column":4}}},"9":{"name":"setPublicMintEnabled","line":319,"loc":{"start":{"line":319,"column":4},"end":{"line":322,"column":4}}},"10":{"name":"setDefaultRoyalty","line":348,"loc":{"start":{"line":348,"column":4},"end":{"line":351,"column":4}}},"11":{"name":"setTokenRoyalty","line":363,"loc":{"start":{"line":359,"column":4},"end":{"line":366,"column":4}}},"12":{"name":"resetTokenRoyalty","line":369,"loc":{"start":{"line":369,"column":4},"end":{"line":372,"column":4}}},"13":{"name":"royaltyDenominator","line":375,"loc":{"start":{"line":375,"column":4},"end":{"line":377,"column":4}}},"14":{"name":"nextTokenId","line":384,"loc":{"start":{"line":384,"column":4},"end":{"line":386,"column":4}}},"15":{"name":"supportsInterface","line":473,"loc":{"start":{"line":473,"column":4},"end":{"line":477,"column":4}}},"16":{"name":"tokenURI","line":485,"loc":{"start":{"line":485,"column":4},"end":{"line":489,"column":4}}},"17":{"name":"_update","line":519,"loc":{"start":{"line":519,"column":4},"end":{"line":525,"column":4}}},"18":{"name":"_increaseBalance","line":548,"loc":{"start":{"line":548,"column":4},"end":{"line":553,"column":4}}}},"statementMap":{"1":{"start":{"line":172,"column":8},"end":{"line":172,"column":55}},"2":{"start":{"line":179,"column":8},"end":{"line":179,"column":7305}},"3":{"start":{"line":180,"column":12},"end":{"line":180,"column":67}},"4":{"start":{"line":197,"column":8},"end":{"line":197,"column":37}},"5":{"start":{"line":207,"column":8},"end":{"line":207,"column":8267}},"6":{"start":{"line":210,"column":8},"end":{"line":210,"column":45}},"7":{"start":{"line":221,"column":8},"end":{"line":221,"column":58}},"8":{"start":{"line":224,"column":8},"end":{"line":224,"column":29}},"9":{"start":{"line":225,"column":8},"end":{"line":225,"column":33}},"10":{"start":{"line":230,"column":8},"end":{"line":230,"column":58}},"11":{"start":{"line":231,"column":8},"end":{"line":231,"column":9179}},"12":{"start":{"line":243,"column":8},"end":{"line":243,"column":29}},"13":{"start":{"line":244,"column":8},"end":{"line":244,"column":33}},"14":{"start":{"line":293,"column":8},"end":{"line":293,"column":45}},"15":{"start":{"line":294,"column":8},"end":{"line":294,"column":11740}},"16":{"start":{"line":297,"column":8},"end":{"line":297,"column":21}},"17":{"start":{"line":310,"column":8},"end":{"line":310,"column":15}},"18":{"start":{"line":315,"column":8},"end":{"line":315,"column":17}},"19":{"start":{"line":321,"column":8},"end":{"line":321,"column":39}},"20":{"start":{"line":349,"column":8},"end":{"line":349,"column":49}},"21":{"start":{"line":350,"column":8},"end":{"line":350,"column":58}},"22":{"start":{"line":364,"column":8},"end":{"line":364,"column":56}},"23":{"start":{"line":365,"column":8},"end":{"line":365,"column":65}},"24":{"start":{"line":370,"column":8},"end":{"line":370,"column":34}},"25":{"start":{"line":371,"column":8},"end":{"line":371,"column":39}},"26":{"start":{"line":376,"column":8},"end":{"line":376,"column":32}},"27":{"start":{"line":385,"column":8},"end":{"line":385,"column":27}},"28":{"start":{"line":476,"column":8},"end":{"line":476,"column":51}},"29":{"start":{"line":488,"column":8},"end":{"line":488,"column":38}},"30":{"start":{"line":524,"column":8},"end":{"line":524,"column":47}},"31":{"start":{"line":552,"column":8},"end":{"line":552,"column":46}}},"branchMap":{"1":{"line":172,"type":"if","locations":[{"start":{"line":172,"column":8},"end":{"line":172,"column":8}},{"start":{"line":172,"column":8},"end":{"line":172,"column":8}}]},"2":{"line":179,"type":"if","locations":[{"start":{"line":179,"column":8},"end":{"line":179,"column":8}},{"start":{"line":179,"column":8},"end":{"line":179,"column":8}}]},"3":{"line":196,"type":"if","locations":[{"start":{"line":196,"column":64},"end":{"line":196,"column":64}},{"start":{"line":196,"column":64},"end":{"line":196,"column":64}}]},"4":{"line":196,"type":"if","locations":[{"start":{"line":196,"column":74},"end":{"line":196,"column":74}},{"start":{"line":196,"column":74},"end":{"line":196,"column":74}}]},"5":{"line":206,"type":"if","locations":[{"start":{"line":206,"column":54},"end":{"line":206,"column":54}},{"start":{"line":206,"column":54},"end":{"line":206,"column":54}}]},"6":{"line":207,"type":"if","locations":[{"start":{"line":207,"column":8},"end":{"line":207,"column":8}},{"start":{"line":207,"column":8},"end":{"line":207,"column":8}}]},"7":{"line":220,"type":"if","locations":[{"start":{"line":220,"column":93},"end":{"line":220,"column":93}},{"start":{"line":220,"column":93},"end":{"line":220,"column":93}}]},"8":{"line":220,"type":"if","locations":[{"start":{"line":220,"column":103},"end":{"line":220,"column":103}},{"start":{"line":220,"column":103},"end":{"line":220,"column":103}}]},"9":{"line":221,"type":"if","locations":[{"start":{"line":221,"column":8},"end":{"line":221,"column":8}},{"start":{"line":221,"column":8},"end":{"line":221,"column":8}}]},"10":{"line":230,"type":"if","locations":[{"start":{"line":230,"column":8},"end":{"line":230,"column":8}},{"start":{"line":230,"column":8},"end":{"line":230,"column":8}}]},"11":{"line":231,"type":"if","locations":[{"start":{"line":231,"column":8},"end":{"line":231,"column":8}},{"start":{"line":231,"column":8},"end":{"line":231,"column":8}}]},"12":{"line":294,"type":"if","locations":[{"start":{"line":294,"column":8},"end":{"line":294,"column":8}},{"start":{"line":294,"column":8},"end":{"line":294,"column":8}}]},"13":{"line":309,"type":"if","locations":[{"start":{"line":309,"column":30},"end":{"line":309,"column":30}},{"start":{"line":309,"column":30},"end":{"line":309,"column":30}}]},"14":{"line":314,"type":"if","locations":[{"start":{"line":314,"column":32},"end":{"line":314,"column":32}},{"start":{"line":314,"column":32},"end":{"line":314,"column":32}}]},"15":{"line":319,"type":"if","locations":[{"start":{"line":319,"column":57},"end":{"line":319,"column":57}},{"start":{"line":319,"column":57},"end":{"line":319,"column":57}}]},"16":{"line":348,"type":"if","locations":[{"start":{"line":348,"column":79},"end":{"line":348,"column":79}},{"start":{"line":348,"column":79},"end":{"line":348,"column":79}}]},"17":{"line":363,"type":"if","locations":[{"start":{"line":363,"column":15},"end":{"line":363,"column":15}},{"start":{"line":363,"column":15},"end":{"line":363,"column":15}}]},"18":{"line":369,"type":"if","locations":[{"start":{"line":369,"column":57},"end":{"line":369,"column":57}},{"start":{"line":369,"column":57},"end":{"line":369,"column":57}}]}}},
"contracts\\MyToken.sol":{"l":{"58":2,"77":2,"94":2,"107":1},"path":"C:\\Users\\Administrator\\Desktop\\web3-contract-project\\contracts\\MyToken.sol","s":{"1":2,"2":2,"3":2,"4":1},"b":{"1":[2,2],"2":[2,1]},"f":{"1":2,"2":2,"3":2,"4":1},"fnMap":{"1":{"name":"constructor","line":49,"loc":{"start":{"line":44,"column":4},"end":{"line":59,"column":4}}},"2":{"name":"mint","line":74,"loc":{"start":{"line":74,"column":4},"end":{"line":78,"column":4}}},"3":{"name":"burn","line":93,"loc":{"start":{"line":93,"column":4},"end":{"line":95,"column":4}}},"4":{"name":"decimals","line":106,"loc":{"start":{"line":106,"column":4},"end":{"line":108,"column":4}}}},"statementMap":{"1":{"start":{"line":58,"column":8},"end":{"line":58,"column":58}},"2":{"start":{"line":77,"column":8},"end":{"line":77,"column":24}},"3":{"start":{"line":94,"column":8},"end":{"line":94,"column":29}},"4":{"start":{"line":107,"column":8},"end":{"line":107,"column":23}}},"branchMap":{"1":{"line":74,"type":"if","locations":[{"start":{"line":74,"column":55},"end":{"line":74,"column":55}},{"start":{"line":74,"column":55},"end":{"line":74,"column":55}}]},"2":{"line":93,"type":"if","locations":[{"start":{"line":93,"column":60},"end":{"line":93,"column":60}},{"start":{"line":93,"column":60},"end":{"line":93,"column":60}}]}}},
"contracts\\SimpleMarket.sol":{"l":{"418":18,"440":56,"442":55,"445":55,"449":54,"451":54,"454":53,"456":52,"458":52,"468":4,"469":4,"470":3,"471":2,"473":1,"474":1,"476":1,"489":7,"490":7,"491":6,"493":5,"495":5,"515":40,"518":40,"519":37,"520":1,"523":36,"524":36,"527":36,"528":36,"529":1,"534":35,"540":35,"543":33,"544":33,"545":2,"546":2,"579":22,"580":21,"581":1,"584":20,"585":20,"586":2,"592":18,"593":18,"594":5,"597":13,"598":1,"601":12,"605":12,"607":11,"609":11,"614":10,"617":10,"620":10,"621":10,"622":2,"623":2,"634":1,"635":1,"636":1,"637":1,"642":1,"647":19,"695":32,"697":31,"700":31,"701":30,"703":30,"705":30,"717":9,"720":9,"721":9,"726":8,"727":8,"730":8,"731":8,"733":7,"760":8,"761":7,"763":6,"764":6,"765":6,"768":5,"769":5,"772":5,"773":5,"775":4,"776":4,"779":5,"800":11,"803":11,"805":9,"806":9,"809":1,"814":8,"816":8,"822":7,"827":7,"828":7,"831":7,"833":7,"840":6,"841":6,"843":4,"845":4,"846":4,"848":3,"879":52,"880":52,"881":52,"882":52,"884":52,"885":51,"888":52,"891":15,"892":15,"896":52,"899":51,"900":51,"902":50,"914":8,"915":8,"929":14,"930":14,"957":54,"960":54,"961":53,"965":53,"969":16,"970":16,"971":1,"974":16,"975":16,"980":54,"998":2,"1016":5,"1017":5,"1019":3,"1021":3,"1022":3,"1024":2,"1041":8,"1046":6,"1051":9,"1063":8,"1064":7,"1065":7,"1067":6,"1069":6,"1070":6,"1072":5,"1077":27,"1078":25,"1079":25,"1080":25},"path":"C:\\Users\\Administrator\\Desktop\\web3-contract-project\\contracts\\SimpleMarket.sol","s":{"1":18,"2":56,"3":55,"4":55,"5":54,"6":54,"7":53,"8":52,"9":4,"10":4,"11":3,"12":2,"13":1,"14":1,"15":7,"16":7,"17":6,"18":5,"19":40,"20":40,"21":37,"22":36,"23":36,"24":36,"25":36,"26":35,"27":33,"28":33,"29":2,"30":2,"31":22,"32":21,"33":20,"34":20,"35":18,"36":18,"37":13,"38":12,"39":12,"40":11,"41":11,"42":10,"43":10,"44":10,"45":2,"46":2,"47":1,"48":1,"49":1,"50":1,"51":19,"52":32,"53":31,"54":31,"55":30,"56":9,"57":9,"58":9,"59":8,"60":8,"61":7,"62":8,"63":7,"64":6,"65":6,"66":6,"67":5,"68":5,"69":4,"70":5,"71":11,"72":11,"73":9,"74":9,"75":8,"76":8,"77":7,"78":7,"79":7,"80":6,"81":6,"82":4,"83":4,"84":3,"85":52,"86":52,"87":52,"88":52,"89":52,"90":15,"91":52,"92":51,"93":51,"94":50,"95":8,"96":8,"97":14,"98":14,"99":54,"100":53,"101":53,"102":16,"103":16,"104":2,"105":5,"106":5,"107":3,"108":3,"109":2,"110":8,"111":6,"112":9,"113":8,"114":7,"115":7,"116":6,"117":6,"118":5,"119":27,"120":25,"121":25},"b":{"1":[56,1],"2":[1,55],"3":[1,54],"4":[1,53],"5":[1,52],"6":[4,1],"7":[1,3],"8":[1,2],"9":[1,1],"10":[1,6],"11":[1,5],"12":[41,1],"13":[40,1],"14":[3,37],"15":[1,36],"16":[1,35],"17":[2,31],"18":[1,1],"19":[23,1],"20":[22,1],"21":[1,21],"22":[1,20],"23":[2,18],"24":[5,13],"25":[1,12],"26":[1,11],"27":[1,10],"28":[2,8],"29":[1,1],"30":[32,1],"31":[1,31],"32":[30,1],"33":[9,4],"34":[1,8],"35":[1,7],"36":[8,1],"37":[1,7],"38":[1,6],"39":[1,5],"40":[4,1],"41":[12,1],"42":[11,1],"43":[2,9],"44":[1,8],"45":[1,7],"46":[6,4],"47":[2,4],"48":[1,3],"49":[51,1],"50":[15,37],"51":[1,50],"52":[53,1],"53":[16,37],"54":[1,15],"55":[5,1],"56":[2,3],"57":[1,2],"58":[8,2],"59":[6,1],"60":[9,2],"61":[9,2],"62":[8,1],"63":[1,7],"64":[1,6],"65":[1,5],"66":[2,25]},"f":{"1":18,"2":56,"3":4,"4":7,"5":40,"6":22,"7":1,"8":1,"9":19,"10":32,"11":9,"12":8,"13":11,"14":6,"15":52,"16":8,"17":14,"18":54,"19":2,"20":5,"21":8,"22":6,"23":9,"24":8,"25":27},"fnMap":{"1":{"name":"constructor","line":417,"loc":{"start":{"line":414,"column":4},"end":{"line":419,"column":4}}},"2":{"name":"list","line":439,"loc":{"start":{"line":439,"column":4},"end":{"line":459,"column":4}}},"3":{"name":"updatePrice","line":467,"loc":{"start":{"line":467,"column":4},"end":{"line":477,"column":4}}},"4":{"name":"cancel","line":488,"loc":{"start":{"line":488,"column":4},"end":{"line":496,"column":4}}},"5":{"name":"buy","line":514,"loc":{"start":{"line":514,"column":4},"end":{"line":548,"column":4}}},"6":{"name":"fulfillListing","line":577,"loc":{"start":{"line":573,"column":4},"end":{"line":625,"column":4}}},"7":{"name":"incrementNonce","line":633,"loc":{"start":{"line":633,"column":4},"end":{"line":638,"column":4}}},"8":{"name":"hashListingIntent","line":641,"loc":{"start":{"line":641,"column":4},"end":{"line":643,"column":4}}},"9":{"name":"_hashIntent","line":646,"loc":{"start":{"line":646,"column":4},"end":{"line":659,"column":4}}},"10":{"name":"makeOffer","line":694,"loc":{"start":{"line":694,"column":4},"end":{"line":706,"column":4}}},"11":{"name":"withdrawOffer","line":716,"loc":{"start":{"line":716,"column":4},"end":{"line":734,"column":4}}},"12":{"name":"rejectOffer","line":758,"loc":{"start":{"line":754,"column":4},"end":{"line":780,"column":4}}},"13":{"name":"acceptOffer","line":799,"loc":{"start":{"line":795,"column":4},"end":{"line":834,"column":4}}},"14":{"name":"withdrawPendingFunds","line":839,"loc":{"start":{"line":839,"column":4},"end":{"line":849,"column":4}}},"15":{"name":"_settleSale","line":871,"loc":{"start":{"line":871,"column":4},"end":{"line":903,"column":4}}},"16":{"name":"getListing","line":910,"loc":{"start":{"line":910,"column":4},"end":{"line":916,"column":4}}},"17":{"name":"getOffer","line":924,"loc":{"start":{"line":924,"column":4},"end":{"line":931,"column":4}}},"18":{"name":"_splitProceeds","line":951,"loc":{"start":{"line":951,"column":4},"end":{"line":981,"column":4}}},"19":{"name":"quoteWithRoyalty","line":989,"loc":{"start":{"line":989,"column":4},"end":{"line":999,"column":4}}},"20":{"name":"withdrawRoyalties","line":1015,"loc":{"start":{"line":1015,"column":4},"end":{"line":1025,"column":4}}},"21":{"name":"pause","line":1040,"loc":{"start":{"line":1040,"column":4},"end":{"line":1042,"column":4}}},"22":{"name":"unpause","line":1045,"loc":{"start":{"line":1045,"column":4},"end":{"line":1047,"column":4}}},"23":{"name":"setFeeBps","line":1050,"loc":{"start":{"line":1050,"column":4},"end":{"line":1052,"column":4}}},"24":{"name":"withdrawFees","line":1062,"loc":{"start":{"line":1062,"column":4},"end":{"line":1073,"column":4}}},"25":{"name":"_setFeeBps","line":1076,"loc":{"start":{"line":1076,"column":4},"end":{"line":1081,"column":4}}}},"statementMap":{"1":{"start":{"line":418,"column":8},"end":{"line":418,"column":26}},"2":{"start":{"line":440,"column":8},"end":{"line":440,"column":59}},"3":{"start":{"line":442,"column":8},"end":{"line":442,"column":42}},"4":{"start":{"line":445,"column":8},"end":{"line":445,"column":70}},"5":{"start":{"line":449,"column":8},"end":{"line":449,"column":16190}},"6":{"start":{"line":451,"column":8},"end":{"line":451,"column":49}},"7":{"start":{"line":454,"column":8},"end":{"line":454,"column":74}},"8":{"start":{"line":458,"column":8},"end":{"line":458,"column":60}},"9":{"start":{"line":468,"column":8},"end":{"line":468,"column":65}},"10":{"start":{"line":469,"column":8},"end":{"line":469,"column":47}},"11":{"start":{"line":470,"column":8},"end":{"line":470,"column":60}},"12":{"start":{"line":471,"column":8},"end":{"line":471,"column":62}},"13":{"start":{"line":473,"column":8},"end":{"line":473,"column":40}},"14":{"start":{"line":476,"column":8},"end":{"line":476,"column":67}},"15":{"start":{"line":489,"column":8},"end":{"line":489,"column":65}},"16":{"start":{"line":490,"column":8},"end":{"line":490,"column":47}},"17":{"start":{"line":491,"column":8},"end":{"line":491,"column":60}},"18":{"start":{"line":495,"column":8},"end":{"line":495,"column":55}},"19":{"start":{"line":515,"column":8},"end":{"line":515,"column":65}},"20":{"start":{"line":518,"column":8},"end":{"line":518,"column":47}},"21":{"start":{"line":519,"column":8},"end":{"line":519,"column":18723}},"22":{"start":{"line":523,"column":8},"end":{"line":523,"column":39}},"23":{"start":{"line":524,"column":8},"end":{"line":524,"column":37}},"24":{"start":{"line":527,"column":8},"end":{"line":527,"column":68}},"25":{"start":{"line":528,"column":8},"end":{"line":528,"column":19032}},"26":{"start":{"line":540,"column":8},"end":{"line":540,"column":67}},"27":{"start":{"line":543,"column":8},"end":{"line":543,"column":42}},"28":{"start":{"line":544,"column":8},"end":{"line":544,"column":19611}},"29":{"start":{"line":545,"column":12},"end":{"line":545,"column":75}},"30":{"start":{"line":546,"column":12},"end":{"line":546,"column":53}},"31":{"start":{"line":579,"column":8},"end":{"line":579,"column":55}},"32":{"start":{"line":580,"column":8},"end":{"line":580,"column":20976}},"33":{"start":{"line":584,"column":8},"end":{"line":584,"column":53}},"34":{"start":{"line":585,"column":8},"end":{"line":585,"column":21162}},"35":{"start":{"line":592,"column":8},"end":{"line":592,"column":44}},"36":{"start":{"line":593,"column":8},"end":{"line":593,"column":21446}},"37":{"start":{"line":597,"column":8},"end":{"line":597,"column":21576}},"38":{"start":{"line":601,"column":8},"end":{"line":601,"column":49}},"39":{"start":{"line":605,"column":8},"end":{"line":605,"column":73}},"40":{"start":{"line":607,"column":8},"end":{"line":607,"column":21955}},"41":{"start":{"line":609,"column":8},"end":{"line":609,"column":49}},"42":{"start":{"line":617,"column":8},"end":{"line":617,"column":88}},"43":{"start":{"line":620,"column":8},"end":{"line":620,"column":49}},"44":{"start":{"line":621,"column":8},"end":{"line":621,"column":22514}},"45":{"start":{"line":622,"column":12},"end":{"line":622,"column":75}},"46":{"start":{"line":623,"column":12},"end":{"line":623,"column":53}},"47":{"start":{"line":634,"column":8},"end":{"line":634,"column":52}},"48":{"start":{"line":635,"column":8},"end":{"line":635,"column":39}},"49":{"start":{"line":637,"column":8},"end":{"line":637,"column":61}},"50":{"start":{"line":642,"column":8},"end":{"line":642,"column":34}},"51":{"start":{"line":647,"column":8},"end":{"line":647,"column":23483}},"52":{"start":{"line":695,"column":8},"end":{"line":695,"column":52}},"53":{"start":{"line":697,"column":8},"end":{"line":697,"column":71}},"54":{"start":{"line":700,"column":8},"end":{"line":700,"column":25393}},"55":{"start":{"line":705,"column":8},"end":{"line":705,"column":81}},"56":{"start":{"line":717,"column":8},"end":{"line":717,"column":71}},"57":{"start":{"line":720,"column":8},"end":{"line":720,"column":37}},"58":{"start":{"line":721,"column":8},"end":{"line":721,"column":47}},"59":{"start":{"line":730,"column":8},"end":{"line":730,"column":65}},"60":{"start":{"line":731,"column":8},"end":{"line":731,"column":43}},"61":{"start":{"line":733,"column":8},"end":{"line":733,"column":69}},"62":{"start":{"line":760,"column":8},"end":{"line":760,"column":54}},"63":{"start":{"line":761,"column":8},"end":{"line":761,"column":87}},"64":{"start":{"line":763,"column":8},"end":{"line":763,"column":67}},"65":{"start":{"line":764,"column":8},"end":{"line":764,"column":37}},"66":{"start":{"line":765,"column":8},"end":{"line":765,"column":47}},"67":{"start":{"line":772,"column":8},"end":{"line":772,"column":61}},"68":{"start":{"line":773,"column":8},"end":{"line":773,"column":27945}},"69":{"start":{"line":776,"column":12},"end":{"line":776,"column":46}},"70":{"start":{"line":779,"column":8},"end":{"line":779,"column":68}},"71":{"start":{"line":800,"column":8},"end":{"line":800,"column":42}},"72":{"start":{"line":803,"column":8},"end":{"line":803,"column":70}},"73":{"start":{"line":805,"column":8},"end":{"line":805,"column":67}},"74":{"start":{"line":806,"column":8},"end":{"line":806,"column":29022}},"75":{"start":{"line":814,"column":8},"end":{"line":814,"column":29375}},"76":{"start":{"line":816,"column":8},"end":{"line":816,"column":49}},"77":{"start":{"line":822,"column":8},"end":{"line":822,"column":36}},"78":{"start":{"line":831,"column":8},"end":{"line":831,"column":82}},"79":{"start":{"line":833,"column":8},"end":{"line":833,"column":80}},"80":{"start":{"line":840,"column":8},"end":{"line":840,"column":55}},"81":{"start":{"line":841,"column":8},"end":{"line":841,"column":51}},"82":{"start":{"line":845,"column":8},"end":{"line":845,"column":65}},"83":{"start":{"line":846,"column":8},"end":{"line":846,"column":43}},"84":{"start":{"line":848,"column":8},"end":{"line":848,"column":49}},"85":{"start":{"line":879,"column":8},"end":{"line":879,"column":23}},"86":{"start":{"line":880,"column":8},"end":{"line":880,"column":31}},"87":{"start":{"line":881,"column":8},"end":{"line":881,"column":30}},"88":{"start":{"line":884,"column":8},"end":{"line":884,"column":31828}},"89":{"start":{"line":888,"column":8},"end":{"line":888,"column":31938}},"90":{"start":{"line":892,"column":12},"end":{"line":892,"column":76}},"91":{"start":{"line":896,"column":8},"end":{"line":896,"column":68}},"92":{"start":{"line":899,"column":8},"end":{"line":899,"column":69}},"93":{"start":{"line":900,"column":8},"end":{"line":900,"column":43}},"94":{"start":{"line":902,"column":8},"end":{"line":902,"column":66}},"95":{"start":{"line":914,"column":8},"end":{"line":914,"column":59}},"96":{"start":{"line":915,"column":8},"end":{"line":915,"column":44}},"97":{"start":{"line":929,"column":8},"end":{"line":929,"column":63}},"98":{"start":{"line":930,"column":8},"end":{"line":930,"column":40}},"99":{"start":{"line":960,"column":8},"end":{"line":960,"column":34603}},"100":{"start":{"line":961,"column":12},"end":{"line":961,"column":98}},"101":{"start":{"line":965,"column":12},"end":{"line":965,"column":34887}},"102":{"start":{"line":969,"column":16},"end":{"line":969,"column":48}},"103":{"start":{"line":970,"column":16},"end":{"line":970,"column":35164}},"104":{"start":{"line":998,"column":8},"end":{"line":998,"column":58}},"105":{"start":{"line":1016,"column":8},"end":{"line":1016,"column":53}},"106":{"start":{"line":1017,"column":8},"end":{"line":1017,"column":51}},"107":{"start":{"line":1021,"column":8},"end":{"line":1021,"column":65}},"108":{"start":{"line":1022,"column":8},"end":{"line":1022,"column":47}},"109":{"start":{"line":1024,"column":8},"end":{"line":1024,"column":49}},"110":{"start":{"line":1041,"column":8},"end":{"line":1041,"column":15}},"111":{"start":{"line":1046,"column":8},"end":{"line":1046,"column":17}},"112":{"start":{"line":1051,"column":8},"end":{"line":1051,"column":28}},"113":{"start":{"line":1063,"column":8},"end":{"line":1063,"column":50}},"114":{"start":{"line":1064,"column":8},"end":{"line":1064,"column":40}},"115":{"start":{"line":1065,"column":8},"end":{"line":1065,"column":51}},"116":{"start":{"line":1069,"column":8},"end":{"line":1069,"column":57}},"117":{"start":{"line":1070,"column":8},"end":{"line":1070,"column":43}},"118":{"start":{"line":1072,"column":8},"end":{"line":1072,"column":38}},"119":{"start":{"line":1077,"column":8},"end":{"line":1077,"column":78}},"120":{"start":{"line":1078,"column":8},"end":{"line":1078,"column":28}},"121":{"start":{"line":1080,"column":8},"end":{"line":1080,"column":42}}},"branchMap":{"1":{"line":439,"type":"if","locations":[{"start":{"line":439,"column":80},"end":{"line":439,"column":80}},{"start":{"line":439,"column":80},"end":{"line":439,"column":80}}]},"2":{"line":440,"type":"if","locations":[{"start":{"line":440,"column":8},"end":{"line":440,"column":8}},{"start":{"line":440,"column":8},"end":{"line":440,"column":8}}]},"3":{"line":445,"type":"if","locations":[{"start":{"line":445,"column":8},"end":{"line":445,"column":8}},{"start":{"line":445,"column":8},"end":{"line":445,"column":8}}]},"4":{"line":451,"type":"if","locations":[{"start":{"line":451,"column":8},"end":{"line":451,"column":8}},{"start":{"line":451,"column":8},"end":{"line":451,"column":8}}]},"5":{"line":454,"type":"if","locations":[{"start":{"line":454,"column":8},"end":{"line":454,"column":8}},{"start":{"line":454,"column":8},"end":{"line":454,"column":8}}]},"6":{"line":467,"type":"if","locations":[{"start":{"line":467,"column":90},"end":{"line":467,"column":90}},{"start":{"line":467,"column":90},"end":{"line":467,"column":90}}]},"7":{"line":469,"type":"if","locations":[{"start":{"line":469,"column":8},"end":{"line":469,"column":8}},{"start":{"line":469,"column":8},"end":{"line":469,"column":8}}]},"8":{"line":470,"type":"if","locations":[{"start":{"line":470,"column":8},"end":{"line":470,"column":8}},{"start":{"line":470,"column":8},"end":{"line":470,"column":8}}]},"9":{"line":471,"type":"if","locations":[{"start":{"line":471,"column":8},"end":{"line":471,"column":8}},{"start":{"line":471,"column":8},"end":{"line":471,"column":8}}]},"10":{"line":490,"type":"if","locations":[{"start":{"line":490,"column":8},"end":{"line":490,"column":8}},{"start":{"line":490,"column":8},"end":{"line":490,"column":8}}]},"11":{"line":491,"type":"if","locations":[{"start":{"line":491,"column":8},"end":{"line":491,"column":8}},{"start":{"line":491,"column":8},"end":{"line":491,"column":8}}]},"12":{"line":514,"type":"if","locations":[{"start":{"line":514,"column":72},"end":{"line":514,"column":72}},{"start":{"line":514,"column":72},"end":{"line":514,"column":72}}]},"13":{"line":514,"type":"if","locations":[{"start":{"line":514,"column":85},"end":{"line":514,"column":85}},{"start":{"line":514,"column":85},"end":{"line":514,"column":85}}]},"14":{"line":518,"type":"if","locations":[{"start":{"line":518,"column":8},"end":{"line":518,"column":8}},{"start":{"line":518,"column":8},"end":{"line":518,"column":8}}]},"15":{"line":519,"type":"if","locations":[{"start":{"line":519,"column":8},"end":{"line":519,"column":8}},{"start":{"line":519,"column":8},"end":{"line":519,"column":8}}]},"16":{"line":528,"type":"if","locations":[{"start":{"line":528,"column":8},"end":{"line":528,"column":8}},{"start":{"line":528,"column":8},"end":{"line":528,"column":8}}]},"17":{"line":544,"type":"if","locations":[{"start":{"line":544,"column":8},"end":{"line":544,"column":8}},{"start":{"line":544,"column":8},"end":{"line":544,"column":8}}]},"18":{"line":546,"type":"if","locations":[{"start":{"line":546,"column":12},"end":{"line":546,"column":12}},{"start":{"line":546,"column":12},"end":{"line":546,"column":12}}]},"19":{"line":577,"type":"if","locations":[{"start":{"line":577,"column":23},"end":{"line":577,"column":23}},{"start":{"line":577,"column":23},"end":{"line":577,"column":23}}]},"20":{"line":577,"type":"if","locations":[{"start":{"line":577,"column":36},"end":{"line":577,"column":36}},{"start":{"line":577,"column":36},"end":{"line":577,"column":36}}]},"21":{"line":579,"type":"if","locations":[{"start":{"line":579,"column":8},"end":{"line":579,"column":8}},{"start":{"line":579,"column":8},"end":{"line":579,"column":8}}]},"22":{"line":580,"type":"if","locations":[{"start":{"line":580,"column":8},"end":{"line":580,"column":8}},{"start":{"line":580,"column":8},"end":{"line":580,"column":8}}]},"23":{"line":585,"type":"if","locations":[{"start":{"line":585,"column":8},"end":{"line":585,"column":8}},{"start":{"line":585,"column":8},"end":{"line":585,"column":8}}]},"24":{"line":593,"type":"if","locations":[{"start":{"line":593,"column":8},"end":{"line":593,"column":8}},{"start":{"line":593,"column":8},"end":{"line":593,"column":8}}]},"25":{"line":597,"type":"if","locations":[{"start":{"line":597,"column":8},"end":{"line":597,"column":8}},{"start":{"line":597,"column":8},"end":{"line":597,"column":8}}]},"26":{"line":605,"type":"if","locations":[{"start":{"line":605,"column":8},"end":{"line":605,"column":8}},{"start":{"line":605,"column":8},"end":{"line":605,"column":8}}]},"27":{"line":609,"type":"if","locations":[{"start":{"line":609,"column":8},"end":{"line":609,"column":8}},{"start":{"line":609,"column":8},"end":{"line":609,"column":8}}]},"28":{"line":621,"type":"if","locations":[{"start":{"line":621,"column":8},"end":{"line":621,"column":8}},{"start":{"line":621,"column":8},"end":{"line":621,"column":8}}]},"29":{"line":623,"type":"if","locations":[{"start":{"line":623,"column":12},"end":{"line":623,"column":12}},{"start":{"line":623,"column":12},"end":{"line":623,"column":12}}]},"30":{"line":694,"type":"if","locations":[{"start":{"line":694,"column":78},"end":{"line":694,"column":78}},{"start":{"line":694,"column":78},"end":{"line":694,"column":78}}]},"31":{"line":695,"type":"if","locations":[{"start":{"line":695,"column":8},"end":{"line":695,"column":8}},{"start":{"line":695,"column":8},"end":{"line":695,"column":8}}]},"32":{"line":700,"type":"if","locations":[{"start":{"line":700,"column":8},"end":{"line":700,"column":8}},{"start":{"line":700,"column":8},"end":{"line":700,"column":8}}]},"33":{"line":716,"type":"if","locations":[{"start":{"line":716,"column":74},"end":{"line":716,"column":74}},{"start":{"line":716,"column":74},"end":{"line":716,"column":74}}]},"34":{"line":721,"type":"if","locations":[{"start":{"line":721,"column":8},"end":{"line":721,"column":8}},{"start":{"line":721,"column":8},"end":{"line":721,"column":8}}]},"35":{"line":731,"type":"if","locations":[{"start":{"line":731,"column":8},"end":{"line":731,"column":8}},{"start":{"line":731,"column":8},"end":{"line":731,"column":8}}]},"36":{"line":758,"type":"if","locations":[{"start":{"line":758,"column":15},"end":{"line":758,"column":15}},{"start":{"line":758,"column":15},"end":{"line":758,"column":15}}]},"37":{"line":760,"type":"if","locations":[{"start":{"line":760,"column":8},"end":{"line":760,"column":8}},{"start":{"line":760,"column":8},"end":{"line":760,"column":8}}]},"38":{"line":761,"type":"if","locations":[{"start":{"line":761,"column":8},"end":{"line":761,"column":8}},{"start":{"line":761,"column":8},"end":{"line":761,"column":8}}]},"39":{"line":765,"type":"if","locations":[{"start":{"line":765,"column":8},"end":{"line":765,"column":8}},{"start":{"line":765,"column":8},"end":{"line":765,"column":8}}]},"40":{"line":773,"type":"if","locations":[{"start":{"line":773,"column":8},"end":{"line":773,"column":8}},{"start":{"line":773,"column":8},"end":{"line":773,"column":8}}]},"41":{"line":799,"type":"if","locations":[{"start":{"line":799,"column":15},"end":{"line":799,"column":15}},{"start":{"line":799,"column":15},"end":{"line":799,"column":15}}]},"42":{"line":799,"type":"if","locations":[{"start":{"line":799,"column":28},"end":{"line":799,"column":28}},{"start":{"line":799,"column":28},"end":{"line":799,"column":28}}]},"43":{"line":803,"type":"if","locations":[{"start":{"line":803,"column":8},"end":{"line":803,"column":8}},{"start":{"line":803,"column":8},"end":{"line":803,"column":8}}]},"44":{"line":806,"type":"if","locations":[{"start":{"line":806,"column":8},"end":{"line":806,"column":8}},{"start":{"line":806,"column":8},"end":{"line":806,"column":8}}]},"45":{"line":816,"type":"if","locations":[{"start":{"line":816,"column":8},"end":{"line":816,"column":8}},{"start":{"line":816,"column":8},"end":{"line":816,"column":8}}]},"46":{"line":839,"type":"if","locations":[{"start":{"line":839,"column":45},"end":{"line":839,"column":45}},{"start":{"line":839,"column":45},"end":{"line":839,"column":45}}]},"47":{"line":841,"type":"if","locations":[{"start":{"line":841,"column":8},"end":{"line":841,"column":8}},{"start":{"line":841,"column":8},"end":{"line":841,"column":8}}]},"48":{"line":846,"type":"if","locations":[{"start":{"line":846,"column":8},"end":{"line":846,"column":8}},{"start":{"line":846,"column":8},"end":{"line":846,"column":8}}]},"49":{"line":884,"type":"if","locations":[{"start":{"line":884,"column":8},"end":{"line":884,"column":8}},{"start":{"line":884,"column":8},"end":{"line":884,"column":8}}]},"50":{"line":888,"type":"if","locations":[{"start":{"line":888,"column":8},"end":{"line":888,"column":8}},{"start":{"line":888,"column":8},"end":{"line":888,"column":8}}]},"51":{"line":900,"type":"if","locations":[{"start":{"line":900,"column":8},"end":{"line":900,"column":8}},{"start":{"line":900,"column":8},"end":{"line":900,"column":8}}]},"52":{"line":960,"type":"if","locations":[{"start":{"line":960,"column":8},"end":{"line":960,"column":8}},{"start":{"line":960,"column":8},"end":{"line":960,"column":8}}]},"53":{"line":965,"type":"if","locations":[{"start":{"line":965,"column":12},"end":{"line":965,"column":12}},{"start":{"line":965,"column":12},"end":{"line":965,"column":12}}]},"54":{"line":970,"type":"if","locations":[{"start":{"line":970,"column":16},"end":{"line":970,"column":16}},{"start":{"line":970,"column":16},"end":{"line":970,"column":16}}]},"55":{"line":1015,"type":"if","locations":[{"start":{"line":1015,"column":42},"end":{"line":1015,"column":42}},{"start":{"line":1015,"column":42},"end":{"line":1015,"column":42}}]},"56":{"line":1017,"type":"if","locations":[{"start":{"line":1017,"column":8},"end":{"line":1017,"column":8}},{"start":{"line":1017,"column":8},"end":{"line":1017,"column":8}}]},"57":{"line":1022,"type":"if","locations":[{"start":{"line":1022,"column":8},"end":{"line":1022,"column":8}},{"start":{"line":1022,"column":8},"end":{"line":1022,"column":8}}]},"58":{"line":1040,"type":"if","locations":[{"start":{"line":1040,"column":30},"end":{"line":1040,"column":30}},{"start":{"line":1040,"column":30},"end":{"line":1040,"column":30}}]},"59":{"line":1045,"type":"if","locations":[{"start":{"line":1045,"column":32},"end":{"line":1045,"column":32}},{"start":{"line":1045,"column":32},"end":{"line":1045,"column":32}}]},"60":{"line":1050,"type":"if","locations":[{"start":{"line":1050,"column":51},"end":{"line":1050,"column":51}},{"start":{"line":1050,"column":51},"end":{"line":1050,"column":51}}]},"61":{"line":1062,"type":"if","locations":[{"start":{"line":1062,"column":47},"end":{"line":1062,"column":47}},{"start":{"line":1062,"column":47},"end":{"line":1062,"column":47}}]},"62":{"line":1062,"type":"if","locations":[{"start":{"line":1062,"column":57},"end":{"line":1062,"column":57}},{"start":{"line":1062,"column":57},"end":{"line":1062,"column":57}}]},"63":{"line":1063,"type":"if","locations":[{"start":{"line":1063,"column":8},"end":{"line":1063,"column":8}},{"start":{"line":1063,"column":8},"end":{"line":1063,"column":8}}]},"64":{"line":1065,"type":"if","locations":[{"start":{"line":1065,"column":8},"end":{"line":1065,"column":8}},{"start":{"line":1065,"column":8},"end":{"line":1065,"column":8}}]},"65":{"line":1070,"type":"if","locations":[{"start":{"line":1070,"column":8},"end":{"line":1070,"column":8}},{"start":{"line":1070,"column":8},"end":{"line":1070,"column":8}}]},"66":{"line":1077,"type":"if","locations":[{"start":{"line":1077,"column":8},"end":{"line":1077,"column":8}},{"start":{"line":1077,"column":8},"end":{"line":1077,"column":8}}]}}}}
