TN:
SF:C:\Users\Administrator\Desktop\web3-contract-project\contracts\HelloWeb3.sol
FN:30,constructor
FN:38,setMessage
FN:53,getMessage
FN:58,getEntry
FN:69,historyLength
FNF:5
FNH:5
FNDA:2,constructor
FNDA:13,setMessage
FNDA:4,getMessage
FNDA:8,getEntry
FNDA:5,historyLength
DA:31,2
DA:32,2
DA:33,2
DA:34,2
DA:39,13
DA:40,11
DA:42,10
DA:43,10
DA:44,10
DA:54,4
DA:63,8
DA:64,6
DA:65,6
DA:70,5
LF:14
LH:14
BRDA:39,1,0,11
BRDA:39,1,1,2
BRDA:40,2,0,10
BRDA:40,2,1,1
BRDA:63,3,0,6
BRDA:63,3,1,2
BRF:6
BRH:6
end_of_record
TN:
SF:C:\Users\Administrator\Desktop\web3-contract-project\contracts\MarketTimelock.sol
FN:44,constructor
FNF:1
FNH:1
FNDA:7,constructor
LF:0
LH:0
BRF:0
BRH:0
end_of_record
TN:
SF:C:\Users\Administrator\Desktop\web3-contract-project\contracts\mocks\MaliciousActors.sol
FN:46,attack
FN:61,onERC721Received
FN:96,constructor
FN:101,listOnMarket
FN:107,onERC721Received
FN:169,attack
FN:177,onERC721Received
FN:193,
FN:224,
FN:258,onERC721Received
FN:277,attack
FN:313,constructor
FN:353,constructor
FN:358,acceptOwnership
FN:364,drain
FN:401,constructor
FN:404,mint
FN:429,withdraw
FN:439,
FN:469,constructor
FN:474,withdraw
FN:526,setRejectEth
FN:531,makeOffer
FN:540,withdrawOffer
FN:545,claimPending
FN:549,onERC721Received
FN:558,_probe
FN:623,makeOffer
FN:631,onERC721Received
FN:702,constructor
FN:707,attack
FN:720,onERC721Received
FNF:32
FNH:29
FNDA:1,attack
FNDA:1,onERC721Received
FNDA:2,constructor
FNDA:2,listOnMarket
FNDA:2,onERC721Received
FNDA:1,attack
FNDA:1,onERC721Received
FNDA:0,
FNDA:0,
FNDA:1,onERC721Received
FNDA:1,attack
FNDA:1,constructor
FNDA:1,constructor
FNDA:1,acceptOwnership
FNDA:1,drain
FNDA:2,constructor
FNDA:1,mint
FNDA:1,withdraw
FNDA:0,
FNDA:1,constructor
FNDA:1,withdraw
FNDA:3,setRejectEth
FNDA:7,makeOffer
FNDA:2,withdrawOffer
FNDA:4,claimPending
FNDA:1,onERC721Received
FNDA:8,_probe
FNDA:1,makeOffer
FNDA:1,onERC721Received
FNDA:2,constructor
FNDA:2,attack
FNDA:2,onERC721Received
DA:47,1
DA:48,1
DA:49,1
DA:50,1
DA:51,1
DA:67,1
DA:69,1
DA:70,0
DA:74,1
DA:97,2
DA:102,2
DA:103,2
DA:113,2
DA:118,2
DA:119,1
DA:170,1
DA:171,1
DA:172,1
DA:173,1
DA:183,1
DA:184,1
DA:189,1
DA:194,0
DA:219,1
DA:220,1
DA:225,0
DA:265,1
DA:268,1
DA:269,0
DA:271,1
DA:273,1
DA:278,1
DA:279,1
DA:280,1
DA:281,1
DA:282,1
DA:314,1
DA:319,1
DA:322,1
DA:323,0
DA:325,1
DA:354,1
DA:359,1
DA:365,1
DA:370,1
DA:373,1
DA:374,0
DA:376,1
DA:405,1
DA:406,1
DA:430,1
DA:435,1
DA:436,1
DA:440,0
DA:470,1
DA:475,1
DA:480,1
DA:481,1
DA:484,1
DA:485,0
DA:487,1
DA:527,3
DA:532,7
DA:533,7
DA:534,7
DA:535,7
DA:536,7
DA:541,2
DA:546,4
DA:553,1
DA:554,1
DA:559,8
DA:560,8
DA:561,4
DA:562,0
DA:564,4
DA:567,4
DA:568,0
DA:570,4
DA:577,10
DA:578,6
DA:580,4
DA:581,4
DA:585,4
DA:624,1
DA:625,1
DA:626,1
DA:627,1
DA:635,1
DA:643,1
DA:644,0
DA:646,1
DA:651,1
DA:659,1
DA:660,0
DA:662,1
DA:664,1
DA:703,2
DA:704,2
DA:713,2
DA:714,2
DA:715,2
DA:716,2
DA:717,2
DA:724,2
DA:726,2
DA:727,1
DA:734,1
DA:737,1
DA:738,0
DA:740,1
DA:744,2
DA:749,2
LF:113
LH:100
BRDA:118,1,0,1
BRDA:118,1,1,1
BRDA:268,2,0,0
BRDA:268,2,1,1
BRDA:322,3,0,0
BRDA:322,3,1,1
BRDA:373,4,0,0
BRDA:373,4,1,1
BRDA:484,5,0,0
BRDA:484,5,1,1
BRDA:560,6,0,4
BRDA:560,6,1,4
BRDA:561,7,0,0
BRDA:561,7,1,4
BRDA:567,8,0,0
BRDA:567,8,1,4
BRDA:577,9,0,6
BRDA:577,9,1,4
BRDA:580,10,0,4
BRDA:580,10,1,0
BRDA:643,11,0,0
BRDA:643,11,1,1
BRDA:659,12,0,0
BRDA:659,12,1,1
BRDA:726,13,0,1
BRDA:726,13,1,1
BRDA:737,14,0,0
BRDA:737,14,1,1
BRDA:749,15,0,1
BRDA:749,15,1,1
BRF:30
BRH:20
end_of_record
TN:
SF:C:\Users\Administrator\Desktop\web3-contract-project\contracts\MultiSigOwner.sol
FN:198,onlyOwner
FN:207,onlySelf
FN:212,txExists
FN:217,notExecuted
FN:222,notConfirmed
FN:242,constructor
FN:288,submit
FN:314,confirm
FN:322,revoke
FN:346,execute
FN:368,_confirm
FN:382,addOwner
FN:395,removeOwner
FN:432,changeThreshold
FN:445,getOwners
FN:450,getTransactionCount
FN:455,getTransaction
FNF:17
FNH:17
FNDA:121,onlyOwner
FNDA:12,onlySelf
FNDA:105,txExists
FNDA:104,notExecuted
FNDA:51,notConfirmed
FNDA:17,constructor
FNDA:60,submit
FNDA:50,confirm
FNDA:5,revoke
FNDA:46,execute
FNDA:109,_confirm
FNDA:1,addOwner
FNDA:4,removeOwner
FNDA:4,changeThreshold
FNDA:4,getOwners
FNDA:20,getTransactionCount
FNDA:10,getTransaction
DA:199,121
DA:200,118
DA:208,12
DA:209,9
DA:213,105
DA:214,104
DA:218,104
DA:219,102
DA:223,51
DA:224,50
DA:243,17
DA:244,16
DA:246,15
DA:248,14
DA:249,38
DA:250,38
DA:251,37
DA:252,36
DA:253,36
DA:254,36
DA:257,12
DA:258,12
DA:266,3
DA:291,60
DA:293,59
DA:294,59
DA:304,59
DA:307,59
DA:315,50
DA:323,5
DA:325,4
DA:326,4
DA:328,4
DA:349,46
DA:351,46
DA:352,5
DA:358,41
DA:359,41
DA:361,41
DA:364,41
DA:369,109
DA:370,109
DA:371,109
DA:383,1
DA:384,1
DA:386,1
DA:387,1
DA:388,1
DA:396,4
DA:398,3
DA:400,2
DA:404,2
DA:405,2
DA:406,2
DA:407,6
DA:408,2
DA:409,2
DA:413,2
DA:415,2
DA:416,2
DA:418,2
DA:421,2
DA:422,1
DA:423,1
DA:424,1
DA:433,4
DA:434,3
DA:436,2
DA:437,2
DA:446,4
DA:451,20
DA:460,10
DA:461,10
LF:73
LH:73
BRDA:199,1,0,3
BRDA:199,1,1,118
BRDA:208,2,0,3
BRDA:208,2,1,9
BRDA:213,3,0,1
BRDA:213,3,1,104
BRDA:218,4,0,2
BRDA:218,4,1,102
BRDA:223,5,0,1
BRDA:223,5,1,50
BRDA:243,6,0,1
BRDA:243,6,1,16
BRDA:244,7,0,1
BRDA:244,7,1,15
BRDA:246,8,0,1
BRDA:246,8,1,14
BRDA:250,9,0,1
BRDA:250,9,1,37
BRDA:251,10,0,1
BRDA:251,10,1,36
BRDA:288,11,0,60
BRDA:288,11,1,2
BRDA:291,12,0,1
BRDA:291,12,1,59
BRDA:314,13,0,53
BRDA:314,13,1,1
BRDA:314,14,0,52
BRDA:314,14,1,1
BRDA:314,15,0,51
BRDA:314,15,1,1
BRDA:314,16,0,50
BRDA:314,16,1,1
BRDA:322,17,0,5
BRDA:322,17,1,0
BRDA:322,18,0,5
BRDA:322,18,1,0
BRDA:322,19,0,5
BRDA:322,19,1,0
BRDA:323,20,0,1
BRDA:323,20,1,4
BRDA:345,21,0,47
BRDA:345,21,1,0
BRDA:346,22,0,46
BRDA:346,22,1,1
BRDA:351,23,0,5
BRDA:351,23,1,41
BRDA:364,24,0,6
BRDA:364,24,1,35
BRDA:382,25,0,1
BRDA:382,25,1,1
BRDA:383,26,0,0
BRDA:383,26,1,1
BRDA:384,27,0,0
BRDA:384,27,1,1
BRDA:395,28,0,4
BRDA:395,28,1,1
BRDA:396,29,0,1
BRDA:396,29,1,3
BRDA:398,30,0,1
BRDA:398,30,1,2
BRDA:407,31,0,2
BRDA:407,31,1,4
BRDA:413,32,0,0
BRDA:413,32,1,2
BRDA:421,33,0,1
BRDA:421,33,1,1
BRDA:432,34,0,4
BRDA:432,34,1,1
BRDA:433,35,0,1
BRDA:433,35,1,3
BRDA:434,36,0,1
BRDA:434,36,1,2
BRF:72
BRH:65
end_of_record
TN:
SF:C:\Users\Administrator\Desktop\web3-contract-project\contracts\MyNFT.sol
FN:171,constructor
FN:196,safeMint
FN:206,publicMint
FN:220,adminMintWithTokenId
FN:229,_mintInternal
FN:291,burn
FN:309,pause
FN:314,unpause
FN:319,setPublicMintEnabled
FN:348,setDefaultRoyalty
FN:363,setTokenRoyalty
FN:369,resetTokenRoyalty
FN:375,royaltyDenominator
FN:384,nextTokenId
FN:473,supportsInterface
FN:485,tokenURI
FN:519,_update
FN:548,_increaseBalance
FNF:18
FNH:17
FNDA:11,constructor
FNDA:58,safeMint
FNDA:2,publicMint
FNDA:4,adminMintWithTokenId
FNDA:59,_mintInternal
FNDA:6,burn
FNDA:5,pause
FNDA:3,unpause
FNDA:3,setPublicMintEnabled
FNDA:6,setDefaultRoyalty
FNDA:5,setTokenRoyalty
FNDA:1,resetTokenRoyalty
FNDA:1,royaltyDenominator
FNDA:2,nextTokenId
FNDA:62,supportsInterface
FNDA:2,tokenURI
FNDA:129,_update
FNDA:0,_increaseBalance
DA:172,11
DA:173,10
DA:174,10
DA:175,10
DA:179,10
DA:180,7
DA:197,58
DA:207,2
DA:208,1
DA:210,1
DA:221,4
DA:223,3
DA:224,3
DA:225,2
DA:230,59
DA:231,58
DA:232,1
DA:235,57
DA:236,57
DA:241,57
DA:243,57
DA:244,56
DA:293,6
DA:294,5
DA:295,1
DA:297,4
DA:310,5
DA:315,3
DA:320,3
DA:321,3
DA:349,6
DA:350,4
DA:364,5
DA:365,4
DA:370,1
DA:371,1
DA:376,1
DA:385,2
DA:476,62
DA:488,2
DA:524,129
DA:552,0
LF:42
LH:41
BRDA:172,1,0,10
BRDA:172,1,1,1
BRDA:179,2,0,7
BRDA:179,2,1,3
BRDA:196,3,0,59
BRDA:196,3,1,1
BRDA:196,4,0,58
BRDA:196,4,1,1
BRDA:206,5,0,2
BRDA:206,5,1,1
BRDA:207,6,0,1
BRDA:207,6,1,1
BRDA:220,7,0,5
BRDA:220,7,1,1
BRDA:220,8,0,4
BRDA:220,8,1,1
BRDA:221,9,0,1
BRDA:221,9,1,3
BRDA:230,10,0,1
BRDA:230,10,1,58
BRDA:231,11,0,1
BRDA:231,11,1,57
BRDA:294,12,0,1
BRDA:294,12,1,4
BRDA:309,13,0,5
BRDA:309,13,1,1
BRDA:314,14,0,3
BRDA:314,14,1,1
BRDA:319,15,0,3
BRDA:319,15,1,1
BRDA:348,16,0,6
BRDA:348,16,1,1
BRDA:363,17,0,5
BRDA:363,17,1,1
BRDA:369,18,0,1
BRDA:369,18,1,1
BRF:36
BRH:36
end_of_record
TN:
SF:C:\Users\Administrator\Desktop\web3-contract-project\contracts\MyToken.sol
FN:49,constructor
FN:74,mint
FN:93,burn
FN:106,decimals
FNF:4
FNH:4
FNDA:2,constructor
FNDA:2,mint
FNDA:2,burn
FNDA:1,decimals
DA:58,2
DA:77,2
DA:94,2
DA:107,1
LF:4
LH:4
BRDA:74,1,0,2
BRDA:74,1,1,2
BRDA:93,2,0,2
BRDA:93,2,1,1
BRF:4
BRH:4
end_of_record
TN:
SF:C:\Users\Administrator\Desktop\web3-contract-project\contracts\SimpleMarket.sol
FN:417,constructor
FN:439,list
FN:467,updatePrice
FN:488,cancel
FN:514,buy
FN:577,fulfillListing
FN:633,incrementNonce
FN:641,hashListingIntent
FN:646,_hashIntent
FN:694,makeOffer
FN:716,withdrawOffer
FN:758,rejectOffer
FN:799,acceptOffer
FN:839,withdrawPendingFunds
FN:871,_settleSale
FN:910,getListing
FN:924,getOffer
FN:951,_splitProceeds
FN:989,quoteWithRoyalty
FN:1015,withdrawRoyalties
FN:1040,pause
FN:1045,unpause
FN:1050,setFeeBps
FN:1062,withdrawFees
FN:1076,_setFeeBps
FNF:25
FNH:25
FNDA:18,constructor
FNDA:56,list
FNDA:4,updatePrice
FNDA:7,cancel
FNDA:40,buy
FNDA:22,fulfillListing
FNDA:1,incrementNonce
FNDA:1,hashListingIntent
FNDA:19,_hashIntent
FNDA:32,makeOffer
FNDA:9,withdrawOffer
FNDA:8,rejectOffer
FNDA:11,acceptOffer
FNDA:6,withdrawPendingFunds
FNDA:52,_settleSale
FNDA:8,getListing
FNDA:14,getOffer
FNDA:54,_splitProceeds
FNDA:2,quoteWithRoyalty
FNDA:5,withdrawRoyalties
FNDA:8,pause
FNDA:6,unpause
FNDA:9,setFeeBps
FNDA:8,withdrawFees
FNDA:27,_setFeeBps
DA:418,18
DA:440,56
DA:442,55
DA:445,55
DA:449,54
DA:451,54
DA:454,53
DA:456,52
DA:458,52
DA:468,4
DA:469,4
DA:470,3
DA:471,2
DA:473,1
DA:474,1
DA:476,1
DA:489,7
DA:490,7
DA:491,6
DA:493,5
DA:495,5
DA:515,40
DA:518,40
DA:519,37
DA:520,1
DA:523,36
DA:524,36
DA:527,36
DA:528,36
DA:529,1
DA:534,35
DA:540,35
DA:543,33
DA:544,33
DA:545,2
DA:546,2
DA:579,22
DA:580,21
DA:581,1
DA:584,20
DA:585,20
DA:586,2
DA:592,18
DA:593,18
DA:594,5
DA:597,13
DA:598,1
DA:601,12
DA:605,12
DA:607,11
DA:609,11
DA:614,10
DA:617,10
DA:620,10
DA:621,10
DA:622,2
DA:623,2
DA:634,1
DA:635,1
DA:636,1
DA:637,1
DA:642,1
DA:647,19
DA:695,32
DA:697,31
DA:700,31
DA:701,30
DA:703,30
DA:705,30
DA:717,9
DA:720,9
DA:721,9
DA:726,8
DA:727,8
DA:730,8
DA:731,8
DA:733,7
DA:760,8
DA:761,7
DA:763,6
DA:764,6
DA:765,6
DA:768,5
DA:769,5
DA:772,5
DA:773,5
DA:775,4
DA:776,4
DA:779,5
DA:800,11
DA:803,11
DA:805,9
DA:806,9
DA:809,1
DA:814,8
DA:816,8
DA:822,7
DA:827,7
DA:828,7
DA:831,7
DA:833,7
DA:840,6
DA:841,6
DA:843,4
DA:845,4
DA:846,4
DA:848,3
DA:879,52
DA:880,52
DA:881,52
DA:882,52
DA:884,52
DA:885,51
DA:888,52
DA:891,15
DA:892,15
DA:896,52
DA:899,51
DA:900,51
DA:902,50
DA:914,8
DA:915,8
DA:929,14
DA:930,14
DA:957,54
DA:960,54
DA:961,53
DA:965,53
DA:969,16
DA:970,16
DA:971,1
DA:974,16
DA:975,16
DA:980,54
DA:998,2
DA:1016,5
DA:1017,5
DA:1019,3
DA:1021,3
DA:1022,3
DA:1024,2
DA:1041,8
DA:1046,6
DA:1051,9
DA:1063,8
DA:1064,7
DA:1065,7
DA:1067,6
DA:1069,6
DA:1070,6
DA:1072,5
DA:1077,27
DA:1078,25
DA:1079,25
DA:1080,25
LF:155
LH:155
BRDA:439,1,0,56
BRDA:439,1,1,1
BRDA:440,2,0,1
BRDA:440,2,1,55
BRDA:445,3,0,1
BRDA:445,3,1,54
BRDA:451,4,0,1
BRDA:451,4,1,53
BRDA:454,5,0,1
BRDA:454,5,1,52
BRDA:467,6,0,4
BRDA:467,6,1,1
BRDA:469,7,0,1
BRDA:469,7,1,3
BRDA:470,8,0,1
BRDA:470,8,1,2
BRDA:471,9,0,1
BRDA:471,9,1,1
BRDA:490,10,0,1
BRDA:490,10,1,6
BRDA:491,11,0,1
BRDA:491,11,1,5
BRDA:514,12,0,41
BRDA:514,12,1,1
BRDA:514,13,0,40
BRDA:514,13,1,1
BRDA:518,14,0,3
BRDA:518,14,1,37
BRDA:519,15,0,1
BRDA:519,15,1,36
BRDA:528,16,0,1
BRDA:528,16,1,35
BRDA:544,17,0,2
BRDA:544,17,1,31
BRDA:546,18,0,1
BRDA:546,18,1,1
BRDA:577,19,0,23
BRDA:577,19,1,1
BRDA:577,20,0,22
BRDA:577,20,1,1
BRDA:579,21,0,1
BRDA:579,21,1,21
BRDA:580,22,0,1
BRDA:580,22,1,20
BRDA:585,23,0,2
BRDA:585,23,1,18
BRDA:593,24,0,5
BRDA:593,24,1,13
BRDA:597,25,0,1
BRDA:597,25,1,12
BRDA:605,26,0,1
BRDA:605,26,1,11
BRDA:609,27,0,1
BRDA:609,27,1,10
BRDA:621,28,0,2
BRDA:621,28,1,8
BRDA:623,29,0,1
BRDA:623,29,1,1
BRDA:694,30,0,32
BRDA:694,30,1,1
BRDA:695,31,0,1
BRDA:695,31,1,31
BRDA:700,32,0,30
BRDA:700,32,1,1
BRDA:716,33,0,9
BRDA:716,33,1,4
BRDA:721,34,0,1
BRDA:721,34,1,8
BRDA:731,35,0,1
BRDA:731,35,1,7
BRDA:758,36,0,8
BRDA:758,36,1,1
BRDA:760,37,0,1
BRDA:760,37,1,7
BRDA:761,38,0,1
BRDA:761,38,1,6
BRDA:765,39,0,1
BRDA:765,39,1,5
BRDA:773,40,0,4
BRDA:773,40,1,1
BRDA:799,41,0,12
BRDA:799,41,1,1
BRDA:799,42,0,11
BRDA:799,42,1,1
BRDA:803,43,0,2
BRDA:803,43,1,9
BRDA:806,44,0,1
BRDA:806,44,1,8
BRDA:816,45,0,1
BRDA:816,45,1,7
BRDA:839,46,0,6
BRDA:839,46,1,4
BRDA:841,47,0,2
BRDA:841,47,1,4
BRDA:846,48,0,1
BRDA:846,48,1,3
BRDA:884,49,0,51
BRDA:884,49,1,1
BRDA:888,50,0,15
BRDA:888,50,1,37
BRDA:900,51,0,1
BRDA:900,51,1,50
BRDA:960,52,0,53
BRDA:960,52,1,1
BRDA:965,53,0,16
BRDA:965,53,1,37
BRDA:970,54,0,1
BRDA:970,54,1,15
BRDA:1015,55,0,5
BRDA:1015,55,1,1
BRDA:1017,56,0,2
BRDA:1017,56,1,3
BRDA:1022,57,0,1
BRDA:1022,57,1,2
BRDA:1040,58,0,8
BRDA:1040,58,1,2
BRDA:1045,59,0,6
BRDA:1045,59,1,1
BRDA:1050,60,0,9
BRDA:1050,60,1,2
BRDA:1062,61,0,9
BRDA:1062,61,1,2
BRDA:1062,62,0,8
BRDA:1062,62,1,1
BRDA:1063,63,0,1
BRDA:1063,63,1,7
BRDA:1065,64,0,1
BRDA:1065,64,1,6
BRDA:1070,65,0,1
BRDA:1070,65,1,5
BRDA:1077,66,0,2
BRDA:1077,66,1,25
BRF:132
BRH:132
end_of_record
